<?xml version="1.0" encoding="UTF-8"?>
<!-- Generated by org.testng.reporters.JUnitXMLReporter -->
<testsuite hostname="O3020MI" ignored="0" name="Default test" tests="6" failures="0" timestamp="17 déc. 2019 14:47:28 GMT" time="25.136" errors="0">
  <testcase name="testLogin" time="1.78" classname="acial.selenium.exercices.Exercice3"/>
  <testcase name="testAjouterEmploy" time="4.631" classname="acial.selenium.exercices.Exercice3"/>
  <testcase name="testAjouterEmploy" time="4.288" classname="acial.selenium.exercices.Exercice3"/>
  <testcase name="testSupprimerEmploy" time="3.144" classname="acial.selenium.exercices.Exercice3"/>
  <testcase name="testSupprimerEmploy" time="2.752" classname="acial.selenium.exercices.Exercice3"/>
  <testcase name="testLogout" time="0.638" classname="acial.selenium.exercices.Exercice3"/>
</testsuite> <!-- Default test -->
