<?xml version="1.0" encoding="UTF-8"?>
<!-- Generated by org.testng.reporters.JUnitReportReporter -->
<testsuite skipped="0" hostname="O3020MI" name="acial.selenium.exercices.Exercice2" tests="4" failures="0" timestamp="17 déc. 2019 14:10:18 GMT" time="10.872" errors="0">
  <testcase name="testLogin" time="2.138" classname="acial.selenium.exercices.Exercice2"/>
  <testcase name="testAjouterEmploy" time="5.002" classname="acial.selenium.exercices.Exercice2"/>
  <testcase name="testSupprimerEmploy" time="2.960" classname="acial.selenium.exercices.Exercice2"/>
  <testcase name="testLogout" time="0.772" classname="acial.selenium.exercices.Exercice2"/>
</testsuite> <!-- acial.selenium.exercices.Exercice2 -->
