<?xml version="1.0" encoding="UTF-8"?>
<!-- Generated by org.testng.reporters.JUnitReportReporter -->
<testsuite skipped="0" hostname="O3020MI" name="acial.selenium.exercices.Exercice3" tests="6" failures="0" timestamp="17 déc. 2019 14:47:28 GMT" time="17.233" errors="0">
  <testcase name="testLogin" time="1.780" classname="acial.selenium.exercices.Exercice3"/>
  <testcase name="testAjouterEmploy" time="4.631" classname="acial.selenium.exercices.Exercice3"/>
  <testcase name="testAjouterEmploy" time="4.288" classname="acial.selenium.exercices.Exercice3"/>
  <testcase name="testSupprimerEmploy" time="2.752" classname="acial.selenium.exercices.Exercice3"/>
  <testcase name="testSupprimerEmploy" time="3.144" classname="acial.selenium.exercices.Exercice3"/>
  <testcase name="testLogout" time="0.638" classname="acial.selenium.exercices.Exercice3"/>
</testsuite> <!-- acial.selenium.exercices.Exercice3 -->
