<?xml version="1.0" encoding="UTF-8"?>
<!-- Generated by org.testng.reporters.JUnitXMLReporter -->
<testsuite hostname="O3020MI" ignored="0" name="Suite de tests" tests="4" failures="0" timestamp="17 déc. 2019 13:38:59 GMT" time="0.113" errors="0">
  <testcase name="test_B_1" time="0.006" classname="acial.selenium.exercices.TestB"/>
  <testcase name="test_B_2" time="0.004" classname="acial.selenium.exercices.TestB"/>
  <testcase name="test_A_2" time="0.002" classname="acial.selenium.exercices.testA"/>
  <testcase name="test_A_1" time="0.004" classname="acial.selenium.exercices.testA"/>
</testsuite> <!-- Suite de tests -->
